# JRE version: OpenJDK Runtime Environment (8.0_302-b08) (build 1.8.0_302-b08)
# Java VM: OpenJDK 64-Bit Server VM (25.302-b08 mixed mode bsd-amd64 compressed oops)
Heap:
 PSYoungGen      total 439296K, used 256998K [0x0000000795580000, 0x00000007bfa00000, 0x00000007c0000000)
  eden space 398336K, 59% used [0x0000000795580000,0x00000007a3d66e60,0x00000007ada80000)
  from space 40960K, 47% used [0x00000007ada80000,0x00000007aed929f0,0x00000007b0280000)
  to   space 39424K, 0% used [0x00000007bd380000,0x00000007bd380000,0x00000007bfa00000)
 ParOldGen       total 103424K, used 62394K [0x0000000740000000, 0x0000000746500000, 0x0000000795580000)
  object space 103424K, 60% used [0x0000000740000000,0x0000000743cee888,0x0000000746500000)
 Metaspace       used 33142K, capacity 33612K, committed 33920K, reserved 1079296K
  class space    used 4496K, capacity 4671K, committed 4736K, reserved 1048576K
GC Heap History (10 events):
Event: 10.746 GC heap before
{Heap before GC invocations=8 (full 0):
 PSYoungGen      total 155136K, used 155132K [0x0000000795580000, 0x00000007a9980000, 0x00000007c0000000)
  eden space 132096K, 100% used [0x0000000795580000,0x000000079d680000,0x000000079d680000)
  from space 23040K, 99% used [0x000000079d680000,0x000000079ecff178,0x000000079ed00000)
  to   space 33792K, 0% used [0x00000007a7880000,0x00000007a7880000,0x00000007a9980000)
 ParOldGen       total 87552K, used 42294K [0x0000000740000000, 0x0000000745580000, 0x0000000795580000)
  object space 87552K, 48% used [0x0000000740000000,0x000000074294d900,0x0000000745580000)
 Metaspace       used 20744K, capacity 21040K, committed 21296K, reserved 1069056K
  class space    used 2502K, capacity 2613K, committed 2688K, reserved 1048576K
Event: 10.771 GC heap after
Heap after GC invocations=8 (full 0):
 PSYoungGen      total 290304K, used 33784K [0x0000000795580000, 0x00000007aa880000, 0x00000007c0000000)
  eden space 256512K, 0% used [0x0000000795580000,0x0000000795580000,0x00000007a5000000)
  from space 33792K, 99% used [0x00000007a7880000,0x00000007a997e078,0x00000007a9980000)
  to   space 41472K, 0% used [0x00000007a5000000,0x00000007a5000000,0x00000007a7880000)
 ParOldGen       total 87552K, used 47070K [0x0000000740000000, 0x0000000745580000, 0x0000000795580000)
  object space 87552K, 53% used [0x0000000740000000,0x0000000742df7830,0x0000000745580000)
 Metaspace       used 20744K, capacity 21040K, committed 21296K, reserved 1069056K
  class space    used 2502K, capacity 2613K, committed 2688K, reserved 1048576K
}
Event: 10.795 GC heap before
{Heap before GC invocations=9 (full 0):
 PSYoungGen      total 290304K, used 38880K [0x0000000795580000, 0x00000007aa880000, 0x00000007c0000000)
  eden space 256512K, 1% used [0x0000000795580000,0x0000000795a7a330,0x00000007a5000000)
  from space 33792K, 99% used [0x00000007a7880000,0x00000007a997e078,0x00000007a9980000)
  to   space 41472K, 0% used [0x00000007a5000000,0x00000007a5000000,0x00000007a7880000)
 ParOldGen       total 87552K, used 47070K [0x0000000740000000, 0x0000000745580000, 0x0000000795580000)
  object space 87552K, 53% used [0x0000000740000000,0x0000000742df7830,0x0000000745580000)
 Metaspace       used 20834K, capacity 21104K, committed 21296K, reserved 1069056K
  class space    used 2511K, capacity 2613K, committed 2688K, reserved 1048576K
Event: 10.817 GC heap after
Heap after GC invocations=9 (full 0):
 PSYoungGen      total 297984K, used 26772K [0x0000000795580000, 0x00000007b3980000, 0x00000007c0000000)
  eden space 256512K, 0% used [0x0000000795580000,0x0000000795580000,0x00000007a5000000)
  from space 41472K, 64% used [0x00000007a5000000,0x00000007a6a25260,0x00000007a7880000)
  to   space 42496K, 0% used [0x00000007b1000000,0x00000007b1000000,0x00000007b3980000)
 ParOldGen       total 87552K, used 54145K [0x0000000740000000, 0x0000000745580000, 0x0000000795580000)
  object space 87552K, 61% used [0x0000000740000000,0x00000007434e0770,0x0000000745580000)
 Metaspace       used 20834K, capacity 21104K, committed 21296K, reserved 1069056K
  class space    used 2511K, capacity 2613K, committed 2688K, reserved 1048576K
}
Event: 10.817 GC heap before
{Heap before GC invocations=10 (full 1):
 PSYoungGen      total 297984K, used 26772K [0x0000000795580000, 0x00000007b3980000, 0x00000007c0000000)
  eden space 256512K, 0% used [0x0000000795580000,0x0000000795580000,0x00000007a5000000)
  from space 41472K, 64% used [0x00000007a5000000,0x00000007a6a25260,0x00000007a7880000)
  to   space 42496K, 0% used [0x00000007b1000000,0x00000007b1000000,0x00000007b3980000)
 ParOldGen       total 87552K, used 54145K [0x0000000740000000, 0x0000000745580000, 0x0000000795580000)
  object space 87552K, 61% used [0x0000000740000000,0x00000007434e0770,0x0000000745580000)
 Metaspace       used 20834K, capacity 21104K, committed 21296K, reserved 1069056K
  class space    used 2511K, capacity 2613K, committed 2688K, reserved 1048576K
Event: 10.912 GC heap after
Heap after GC invocations=10 (full 1):
 PSYoungGen      total 297984K, used 0K [0x0000000795580000, 0x00000007b3980000, 0x00000007c0000000)
  eden space 256512K, 0% used [0x0000000795580000,0x0000000795580000,0x00000007a5000000)
  from space 41472K, 0% used [0x00000007a5000000,0x00000007a5000000,0x00000007a7880000)
  to   space 42496K, 0% used [0x00000007b1000000,0x00000007b1000000,0x00000007b3980000)
 ParOldGen       total 103424K, used 51374K [0x0000000740000000, 0x0000000746500000, 0x0000000795580000)
  object space 103424K, 49% used [0x0000000740000000,0x000000074322b868,0x0000000746500000)
 Metaspace       used 20834K, capacity 21104K, committed 21296K, reserved 1069056K
  class space    used 2511K, capacity 2613K, committed 2688K, reserved 1048576K
}
Event: 13.122 GC heap before
{Heap before GC invocations=11 (full 1):
 PSYoungGen      total 297984K, used 256512K [0x0000000795580000, 0x00000007b3980000, 0x00000007c0000000)
  eden space 256512K, 100% used [0x0000000795580000,0x00000007a5000000,0x00000007a5000000)
  from space 41472K, 0% used [0x00000007a5000000,0x00000007a5000000,0x00000007a7880000)
  to   space 42496K, 0% used [0x00000007b1000000,0x00000007b1000000,0x00000007b3980000)
 ParOldGen       total 103424K, used 51374K [0x0000000740000000, 0x0000000746500000, 0x0000000795580000)
  object space 103424K, 49% used [0x0000000740000000,0x000000074322b868,0x0000000746500000)
 Metaspace       used 25225K, capacity 25542K, committed 25728K, reserved 1071104K
  class space    used 3107K, capacity 3196K, committed 3200K, reserved 1048576K
Event: 13.146 GC heap after
Heap after GC invocations=11 (full 1):
 PSYoungGen      total 425472K, used 14287K [0x0000000795580000, 0x00000007b2a80000, 0x00000007c0000000)
  eden space 398336K, 0% used [0x0000000795580000,0x0000000795580000,0x00000007ada80000)
  from space 27136K, 52% used [0x00000007b1000000,0x00000007b1df3cb8,0x00000007b2a80000)
  to   space 40960K, 0% used [0x00000007ada80000,0x00000007ada80000,0x00000007b0280000)
 ParOldGen       total 103424K, used 51382K [0x0000000740000000, 0x0000000746500000, 0x0000000795580000)
  object space 103424K, 49% used [0x0000000740000000,0x000000074322d868,0x0000000746500000)
 Metaspace       used 25225K, capacity 25542K, committed 25728K, reserved 1071104K
  class space    used 3107K, capacity 3196K, committed 3200K, reserved 1048576K
}
Event: 15.543 GC heap before
{Heap before GC invocations=12 (full 1):
 PSYoungGen      total 425472K, used 412623K [0x0000000795580000, 0x00000007b2a80000, 0x00000007c0000000)
  eden space 398336K, 100% used [0x0000000795580000,0x00000007ada80000,0x00000007ada80000)
  from space 27136K, 52% used [0x00000007b1000000,0x00000007b1df3cb8,0x00000007b2a80000)
  to   space 40960K, 0% used [0x00000007ada80000,0x00000007ada80000,0x00000007b0280000)
 ParOldGen       total 103424K, used 51382K [0x0000000740000000, 0x0000000746500000, 0x0000000795580000)
  object space 103424K, 49% used [0x0000000740000000,0x000000074322d868,0x0000000746500000)
 Metaspace       used 29825K, capacity 30156K, committed 30592K, reserved 1075200K
  class space    used 4080K, capacity 4157K, committed 4224K, reserved 1048576K
Event: 15.582 GC heap after
Heap after GC invocations=12 (full 1):
 PSYoungGen      total 439296K, used 19530K [0x0000000795580000, 0x00000007bfa00000, 0x00000007c0000000)
  eden space 398336K, 0% used [0x0000000795580000,0x0000000795580000,0x00000007ada80000)
  from space 40960K, 47% used [0x00000007ada80000,0x00000007aed929f0,0x00000007b0280000)
  to   space 39424K, 0% used [0x00000007bd380000,0x00000007bd380000,0x00000007bfa00000)
 ParOldGen       total 103424K, used 62394K [0x0000000740000000, 0x0000000746500000, 0x0000000795580000)
  object space 103424K, 60% used [0x0000000740000000,0x0000000743cee888,0x0000000746500000)
 Metaspace       used 29825K, capacity 30156K, committed 30592K, reserved 1075200K
  class space    used 4080K, capacity 4157K, committed 4224K, reserved 1048576K
}

