# JRE version: OpenJDK Runtime Environment (8.0_302-b08) (build 1.8.0_302-b08)
# Java VM: OpenJDK 64-Bit Server VM (25.302-b08 mixed mode bsd-amd64 compressed oops)
Heap:
 PSYoungGen      total 318976K, used 205013K [0x0000000795580000, 0x00000007b1c80000, 0x00000007c0000000)
  eden space 286208K, 67% used [0x0000000795580000,0x00000007a1368368,0x00000007a6d00000)
  from space 32768K, 32% used [0x00000007a6d00000,0x00000007a774d190,0x00000007a8d00000)
  to   space 31744K, 0% used [0x00000007afd80000,0x00000007afd80000,0x00000007b1c80000)
 ParOldGen       total 109568K, used 71112K [0x0000000740000000, 0x0000000746b00000, 0x0000000795580000)
  object space 109568K, 64% used [0x0000000740000000,0x0000000744572040,0x0000000746b00000)
 Metaspace       used 33132K, capacity 33548K, committed 33920K, reserved 1079296K
  class space    used 4495K, capacity 4671K, committed 4736K, reserved 1048576K
GC Heap History (10 events):
Event: 15.338 GC heap before
{Heap before GC invocations=10 (full 0):
 PSYoungGen      total 154624K, used 102323K [0x0000000795580000, 0x00000007a6000000, 0x00000007c0000000)
  eden space 127488K, 58% used [0x0000000795580000,0x0000000799ef1fe8,0x000000079d200000)
  from space 27136K, 99% used [0x000000079d200000,0x000000079ec7afd8,0x000000079ec80000)
  to   space 34304K, 0% used [0x00000007a3e80000,0x00000007a3e80000,0x00000007a6000000)
 ParOldGen       total 87552K, used 39668K [0x0000000740000000, 0x0000000745580000, 0x0000000795580000)
  object space 87552K, 45% used [0x0000000740000000,0x00000007426bd260,0x0000000745580000)
 Metaspace       used 20857K, capacity 21168K, committed 21296K, reserved 1069056K
  class space    used 2520K, capacity 2613K, committed 2688K, reserved 1048576K
Event: 15.374 GC heap after
Heap after GC invocations=10 (full 0):
 PSYoungGen      total 238080K, used 22785K [0x0000000795580000, 0x00000007a6100000, 0x00000007c0000000)
  eden space 203776K, 0% used [0x0000000795580000,0x0000000795580000,0x00000007a1c80000)
  from space 34304K, 66% used [0x00000007a3e80000,0x00000007a54c0748,0x00000007a6000000)
  to   space 34816K, 0% used [0x00000007a1c80000,0x00000007a1c80000,0x00000007a3e80000)
 ParOldGen       total 87552K, used 55064K [0x0000000740000000, 0x0000000745580000, 0x0000000795580000)
  object space 87552K, 62% used [0x0000000740000000,0x00000007435c62b8,0x0000000745580000)
 Metaspace       used 20857K, capacity 21168K, committed 21296K, reserved 1069056K
  class space    used 2520K, capacity 2613K, committed 2688K, reserved 1048576K
}
Event: 15.374 GC heap before
{Heap before GC invocations=11 (full 1):
 PSYoungGen      total 238080K, used 22785K [0x0000000795580000, 0x00000007a6100000, 0x00000007c0000000)
  eden space 203776K, 0% used [0x0000000795580000,0x0000000795580000,0x00000007a1c80000)
  from space 34304K, 66% used [0x00000007a3e80000,0x00000007a54c0748,0x00000007a6000000)
  to   space 34816K, 0% used [0x00000007a1c80000,0x00000007a1c80000,0x00000007a3e80000)
 ParOldGen       total 87552K, used 55064K [0x0000000740000000, 0x0000000745580000, 0x0000000795580000)
  object space 87552K, 62% used [0x0000000740000000,0x00000007435c62b8,0x0000000745580000)
 Metaspace       used 20857K, capacity 21168K, committed 21296K, reserved 1069056K
  class space    used 2520K, capacity 2613K, committed 2688K, reserved 1048576K
Event: 15.481 GC heap after
Heap after GC invocations=11 (full 1):
 PSYoungGen      total 238080K, used 0K [0x0000000795580000, 0x00000007a6100000, 0x00000007c0000000)
  eden space 203776K, 0% used [0x0000000795580000,0x0000000795580000,0x00000007a1c80000)
  from space 34304K, 0% used [0x00000007a3e80000,0x00000007a3e80000,0x00000007a6000000)
  to   space 34816K, 0% used [0x00000007a1c80000,0x00000007a1c80000,0x00000007a3e80000)
 ParOldGen       total 109568K, used 50299K [0x0000000740000000, 0x0000000746b00000, 0x0000000795580000)
  object space 109568K, 45% used [0x0000000740000000,0x000000074311ed60,0x0000000746b00000)
 Metaspace       used 20857K, capacity 21168K, committed 21296K, reserved 1069056K
  class space    used 2520K, capacity 2613K, committed 2688K, reserved 1048576K
}
Event: 17.935 GC heap before
{Heap before GC invocations=12 (full 1):
 PSYoungGen      total 238080K, used 203776K [0x0000000795580000, 0x00000007a6100000, 0x00000007c0000000)
  eden space 203776K, 100% used [0x0000000795580000,0x00000007a1c80000,0x00000007a1c80000)
  from space 34304K, 0% used [0x00000007a3e80000,0x00000007a3e80000,0x00000007a6000000)
  to   space 34816K, 0% used [0x00000007a1c80000,0x00000007a1c80000,0x00000007a3e80000)
 ParOldGen       total 109568K, used 50299K [0x0000000740000000, 0x0000000746b00000, 0x0000000795580000)
  object space 109568K, 45% used [0x0000000740000000,0x000000074311ed60,0x0000000746b00000)
 Metaspace       used 25090K, capacity 25414K, committed 25728K, reserved 1071104K
  class space    used 3095K, capacity 3196K, committed 3200K, reserved 1048576K
Event: 17.956 GC heap after
Heap after GC invocations=12 (full 1):
 PSYoungGen      total 238592K, used 9331K [0x0000000795580000, 0x00000007aae80000, 0x00000007c0000000)
  eden space 203776K, 0% used [0x0000000795580000,0x0000000795580000,0x00000007a1c80000)
  from space 34816K, 26% used [0x00000007a1c80000,0x00000007a259cca8,0x00000007a3e80000)
  to   space 34304K, 0% used [0x00000007a8d00000,0x00000007a8d00000,0x00000007aae80000)
 ParOldGen       total 109568K, used 50307K [0x0000000740000000, 0x0000000746b00000, 0x0000000795580000)
  object space 109568K, 45% used [0x0000000740000000,0x0000000743120d60,0x0000000746b00000)
 Metaspace       used 25090K, capacity 25414K, committed 25728K, reserved 1071104K
  class space    used 3095K, capacity 3196K, committed 3200K, reserved 1048576K
}
Event: 20.528 GC heap before
{Heap before GC invocations=13 (full 1):
 PSYoungGen      total 238592K, used 213107K [0x0000000795580000, 0x00000007aae80000, 0x00000007c0000000)
  eden space 203776K, 100% used [0x0000000795580000,0x00000007a1c80000,0x00000007a1c80000)
  from space 34816K, 26% used [0x00000007a1c80000,0x00000007a259cca8,0x00000007a3e80000)
  to   space 34304K, 0% used [0x00000007a8d00000,0x00000007a8d00000,0x00000007aae80000)
 ParOldGen       total 109568K, used 50307K [0x0000000740000000, 0x0000000746b00000, 0x0000000795580000)
  object space 109568K, 45% used [0x0000000740000000,0x0000000743120d60,0x0000000746b00000)
 Metaspace       used 26685K, capacity 27020K, committed 27392K, reserved 1073152K
  class space    used 3426K, capacity 3517K, committed 3584K, reserved 1048576K
Event: 20.588 GC heap after
Heap after GC invocations=13 (full 1):
 PSYoungGen      total 320512K, used 15758K [0x0000000795580000, 0x00000007aaf80000, 0x00000007c0000000)
  eden space 286208K, 0% used [0x0000000795580000,0x0000000795580000,0x00000007a6d00000)
  from space 34304K, 45% used [0x00000007a8d00000,0x00000007a9c63a48,0x00000007aae80000)
  to   space 32768K, 0% used [0x00000007a6d00000,0x00000007a6d00000,0x00000007a8d00000)
 ParOldGen       total 109568K, used 56958K [0x0000000740000000, 0x0000000746b00000, 0x0000000795580000)
  object space 109568K, 51% used [0x0000000740000000,0x000000074379f878,0x0000000746b00000)
 Metaspace       used 26685K, capacity 27020K, committed 27392K, reserved 1073152K
  class space    used 3426K, capacity 3517K, committed 3584K, reserved 1048576K
}
Event: 23.510 GC heap before
{Heap before GC invocations=14 (full 1):
 PSYoungGen      total 320512K, used 301966K [0x0000000795580000, 0x00000007aaf80000, 0x00000007c0000000)
  eden space 286208K, 100% used [0x0000000795580000,0x00000007a6d00000,0x00000007a6d00000)
  from space 34304K, 45% used [0x00000007a8d00000,0x00000007a9c63a48,0x00000007aae80000)
  to   space 32768K, 0% used [0x00000007a6d00000,0x00000007a6d00000,0x00000007a8d00000)
 ParOldGen       total 109568K, used 56958K [0x0000000740000000, 0x0000000746b00000, 0x0000000795580000)
  object space 109568K, 51% used [0x0000000740000000,0x000000074379f878,0x0000000746b00000)
 Metaspace       used 30434K, capacity 30764K, committed 30976K, reserved 1075200K
  class space    used 4184K, capacity 4253K, committed 4352K, reserved 1048576K
Event: 23.541 GC heap after
Heap after GC invocations=14 (full 1):
 PSYoungGen      total 318976K, used 10548K [0x0000000795580000, 0x00000007b1c80000, 0x00000007c0000000)
  eden space 286208K, 0% used [0x0000000795580000,0x0000000795580000,0x00000007a6d00000)
  from space 32768K, 32% used [0x00000007a6d00000,0x00000007a774d190,0x00000007a8d00000)
  to   space 31744K, 0% used [0x00000007afd80000,0x00000007afd80000,0x00000007b1c80000)
 ParOldGen       total 109568K, used 71112K [0x0000000740000000, 0x0000000746b00000, 0x0000000795580000)
  object space 109568K, 64% used [0x0000000740000000,0x0000000744572040,0x0000000746b00000)
 Metaspace       used 30434K, capacity 30764K, committed 30976K, reserved 1075200K
  class space    used 4184K, capacity 4253K, committed 4352K, reserved 1048576K
}

