# JRE version: OpenJDK Runtime Environment (8.0_302-b08) (build 1.8.0_302-b08)
# Java VM: OpenJDK 64-Bit Server VM (25.302-b08 mixed mode bsd-amd64 compressed oops)
Heap:
 PSYoungGen      total 326144K, used 189948K [0x0000000795580000, 0x00000007b3280000, 0x00000007c0000000)
  eden space 295936K, 60% used [0x0000000795580000,0x00000007a03c82e0,0x00000007a7680000)
  from space 30208K, 38% used [0x00000007a7680000,0x00000007a81b6dc8,0x00000007a9400000)
  to   space 29696K, 0% used [0x00000007b1580000,0x00000007b1580000,0x00000007b3280000)
 ParOldGen       total 106496K, used 71358K [0x0000000740000000, 0x0000000746800000, 0x0000000795580000)
  object space 106496K, 67% used [0x0000000740000000,0x00000007445af948,0x0000000746800000)
 Metaspace       used 33137K, capacity 33548K, committed 33920K, reserved 1079296K
  class space    used 4496K, capacity 4671K, committed 4736K, reserved 1048576K
GC Heap History (10 events):
Event: 22.660 GC heap before
{Heap before GC invocations=10 (full 0):
 PSYoungGen      total 156160K, used 64662K [0x0000000795580000, 0x00000007a5d00000, 0x00000007c0000000)
  eden space 127488K, 29% used [0x0000000795580000,0x00000007979b1d68,0x000000079d200000)
  from space 28672K, 96% used [0x000000079d200000,0x000000079ecf3c50,0x000000079ee00000)
  to   space 32768K, 0% used [0x00000007a3d00000,0x00000007a3d00000,0x00000007a5d00000)
 ParOldGen       total 87552K, used 40346K [0x0000000740000000, 0x0000000745580000, 0x0000000795580000)
  object space 87552K, 46% used [0x0000000740000000,0x00000007427668d8,0x0000000745580000)
 Metaspace       used 20853K, capacity 21104K, committed 21296K, reserved 1069056K
  class space    used 2515K, capacity 2613K, committed 2688K, reserved 1048576K
Event: 22.700 GC heap after
Heap after GC invocations=10 (full 0):
 PSYoungGen      total 236032K, used 19168K [0x0000000795580000, 0x00000007a5c00000, 0x00000007c0000000)
  eden space 204288K, 0% used [0x0000000795580000,0x0000000795580000,0x00000007a1d00000)
  from space 31744K, 60% used [0x00000007a3d00000,0x00000007a4fb8188,0x00000007a5c00000)
  to   space 32256K, 0% used [0x00000007a1d00000,0x00000007a1d00000,0x00000007a3c80000)
 ParOldGen       total 87552K, used 57467K [0x0000000740000000, 0x0000000745580000, 0x0000000795580000)
  object space 87552K, 65% used [0x0000000740000000,0x000000074381eed8,0x0000000745580000)
 Metaspace       used 20853K, capacity 21104K, committed 21296K, reserved 1069056K
  class space    used 2515K, capacity 2613K, committed 2688K, reserved 1048576K
}
Event: 22.700 GC heap before
{Heap before GC invocations=11 (full 1):
 PSYoungGen      total 236032K, used 19168K [0x0000000795580000, 0x00000007a5c00000, 0x00000007c0000000)
  eden space 204288K, 0% used [0x0000000795580000,0x0000000795580000,0x00000007a1d00000)
  from space 31744K, 60% used [0x00000007a3d00000,0x00000007a4fb8188,0x00000007a5c00000)
  to   space 32256K, 0% used [0x00000007a1d00000,0x00000007a1d00000,0x00000007a3c80000)
 ParOldGen       total 87552K, used 57467K [0x0000000740000000, 0x0000000745580000, 0x0000000795580000)
  object space 87552K, 65% used [0x0000000740000000,0x000000074381eed8,0x0000000745580000)
 Metaspace       used 20853K, capacity 21104K, committed 21296K, reserved 1069056K
  class space    used 2515K, capacity 2613K, committed 2688K, reserved 1048576K
Event: 22.827 GC heap after
Heap after GC invocations=11 (full 1):
 PSYoungGen      total 236032K, used 0K [0x0000000795580000, 0x00000007a5c00000, 0x00000007c0000000)
  eden space 204288K, 0% used [0x0000000795580000,0x0000000795580000,0x00000007a1d00000)
  from space 31744K, 0% used [0x00000007a3d00000,0x00000007a3d00000,0x00000007a5c00000)
  to   space 32256K, 0% used [0x00000007a1d00000,0x00000007a1d00000,0x00000007a3c80000)
 ParOldGen       total 106496K, used 50471K [0x0000000740000000, 0x0000000746800000, 0x0000000795580000)
  object space 106496K, 47% used [0x0000000740000000,0x0000000743149cb0,0x0000000746800000)
 Metaspace       used 20853K, capacity 21104K, committed 21296K, reserved 1069056K
  class space    used 2515K, capacity 2613K, committed 2688K, reserved 1048576K
}
Event: 25.351 GC heap before
{Heap before GC invocations=12 (full 1):
 PSYoungGen      total 236032K, used 204288K [0x0000000795580000, 0x00000007a5c00000, 0x00000007c0000000)
  eden space 204288K, 100% used [0x0000000795580000,0x00000007a1d00000,0x00000007a1d00000)
  from space 31744K, 0% used [0x00000007a3d00000,0x00000007a3d00000,0x00000007a5c00000)
  to   space 32256K, 0% used [0x00000007a1d00000,0x00000007a1d00000,0x00000007a3c80000)
 ParOldGen       total 106496K, used 50471K [0x0000000740000000, 0x0000000746800000, 0x0000000795580000)
  object space 106496K, 47% used [0x0000000740000000,0x0000000743149cb0,0x0000000746800000)
 Metaspace       used 25076K, capacity 25478K, committed 25728K, reserved 1071104K
  class space    used 3088K, capacity 3196K, committed 3200K, reserved 1048576K
Event: 25.361 GC heap after
Heap after GC invocations=12 (full 1):
 PSYoungGen      total 236544K, used 9470K [0x0000000795580000, 0x00000007ab300000, 0x00000007c0000000)
  eden space 204288K, 0% used [0x0000000795580000,0x0000000795580000,0x00000007a1d00000)
  from space 32256K, 29% used [0x00000007a1d00000,0x00000007a263f9d8,0x00000007a3c80000)
  to   space 31744K, 0% used [0x00000007a9400000,0x00000007a9400000,0x00000007ab300000)
 ParOldGen       total 106496K, used 50479K [0x0000000740000000, 0x0000000746800000, 0x0000000795580000)
  object space 106496K, 47% used [0x0000000740000000,0x000000074314bcb0,0x0000000746800000)
 Metaspace       used 25076K, capacity 25478K, committed 25728K, reserved 1071104K
  class space    used 3088K, capacity 3196K, committed 3200K, reserved 1048576K
}
Event: 26.584 GC heap before
{Heap before GC invocations=13 (full 1):
 PSYoungGen      total 236544K, used 213758K [0x0000000795580000, 0x00000007ab300000, 0x00000007c0000000)
  eden space 204288K, 100% used [0x0000000795580000,0x00000007a1d00000,0x00000007a1d00000)
  from space 32256K, 29% used [0x00000007a1d00000,0x00000007a263f9d8,0x00000007a3c80000)
  to   space 31744K, 0% used [0x00000007a9400000,0x00000007a9400000,0x00000007ab300000)
 ParOldGen       total 106496K, used 50479K [0x0000000740000000, 0x0000000746800000, 0x0000000795580000)
  object space 106496K, 47% used [0x0000000740000000,0x000000074314bcb0,0x0000000746800000)
 Metaspace       used 26732K, capacity 27084K, committed 27392K, reserved 1073152K
  class space    used 3430K, capacity 3517K, committed 3584K, reserved 1048576K
Event: 26.612 GC heap after
Heap after GC invocations=13 (full 1):
 PSYoungGen      total 327168K, used 15948K [0x0000000795580000, 0x00000007ab280000, 0x00000007c0000000)
  eden space 295936K, 0% used [0x0000000795580000,0x0000000795580000,0x00000007a7680000)
  from space 31232K, 51% used [0x00000007a9400000,0x00000007aa3930e8,0x00000007ab280000)
  to   space 30208K, 0% used [0x00000007a7680000,0x00000007a7680000,0x00000007a9400000)
 ParOldGen       total 106496K, used 57139K [0x0000000740000000, 0x0000000746800000, 0x0000000795580000)
  object space 106496K, 53% used [0x0000000740000000,0x00000007437ccc30,0x0000000746800000)
 Metaspace       used 26732K, capacity 27084K, committed 27392K, reserved 1073152K
  class space    used 3430K, capacity 3517K, committed 3584K, reserved 1048576K
}
Event: 28.488 GC heap before
{Heap before GC invocations=14 (full 1):
 PSYoungGen      total 327168K, used 311884K [0x0000000795580000, 0x00000007ab280000, 0x00000007c0000000)
  eden space 295936K, 100% used [0x0000000795580000,0x00000007a7680000,0x00000007a7680000)
  from space 31232K, 51% used [0x00000007a9400000,0x00000007aa3930e8,0x00000007ab280000)
  to   space 30208K, 0% used [0x00000007a7680000,0x00000007a7680000,0x00000007a9400000)
 ParOldGen       total 106496K, used 57139K [0x0000000740000000, 0x0000000746800000, 0x0000000795580000)
  object space 106496K, 53% used [0x0000000740000000,0x00000007437ccc30,0x0000000746800000)
 Metaspace       used 30640K, capacity 30988K, committed 31232K, reserved 1077248K
  class space    used 4214K, capacity 4285K, committed 4352K, reserved 1048576K
Event: 28.518 GC heap after
Heap after GC invocations=14 (full 1):
 PSYoungGen      total 326144K, used 11483K [0x0000000795580000, 0x00000007b3280000, 0x00000007c0000000)
  eden space 295936K, 0% used [0x0000000795580000,0x0000000795580000,0x00000007a7680000)
  from space 30208K, 38% used [0x00000007a7680000,0x00000007a81b6dc8,0x00000007a9400000)
  to   space 29696K, 0% used [0x00000007b1580000,0x00000007b1580000,0x00000007b3280000)
 ParOldGen       total 106496K, used 71358K [0x0000000740000000, 0x0000000746800000, 0x0000000795580000)
  object space 106496K, 67% used [0x0000000740000000,0x00000007445af948,0x0000000746800000)
 Metaspace       used 30640K, capacity 30988K, committed 31232K, reserved 1077248K
  class space    used 4214K, capacity 4285K, committed 4352K, reserved 1048576K
}

